  [4;36;1mSQL (0.2ms)[0m   [0;1m SELECT name
 FROM sqlite_master
 WHERE type = 'table' AND NOT name = 'sqlite_sequence'
[0m
  [4;35;1mSQL (0.1ms)[0m   [0mselect sqlite_version(*)[0m
  [4;36;1mSQL (2.7ms)[0m   [0;1mCREATE TABLE "schema_migrations" ("version" varchar(255) NOT NULL) [0m
  [4;35;1mSQL (2.5ms)[0m   [0mCREATE UNIQUE INDEX "unique_schema_migrations" ON "schema_migrations" ("version")[0m
  [4;36;1mSQL (0.4ms)[0m   [0;1m SELECT name
 FROM sqlite_master
 WHERE type = 'table' AND NOT name = 'sqlite_sequence'
[0m
  [4;35;1mSQL (0.2ms)[0m   [0mSELECT version FROM schema_migrations[0m
Migrating to CreateSifters (20100301035103)
  [4;36;1mSQL (0.6ms)[0m   [0;1mCREATE TABLE "sifters" ("id" INTEGER PRIMARY KEY AUTOINCREMENT NOT NULL, "name" varchar(255), "created_at" datetime, "updated_at" datetime) [0m
  [4;35;1mSQL (0.1ms)[0m   [0mINSERT INTO schema_migrations (version) VALUES ('20100301035103')[0m
Migrating to CreateFeeds (20100301035117)
  [4;36;1mSQL (0.4ms)[0m   [0;1mCREATE TABLE "feeds" ("id" INTEGER PRIMARY KEY AUTOINCREMENT NOT NULL, "name" varchar(255), "url" varchar(255), "created_at" datetime, "updated_at" datetime) [0m
  [4;35;1mSQL (0.1ms)[0m   [0mINSERT INTO schema_migrations (version) VALUES ('20100301035117')[0m
Migrating to CreateArticles (20100301035132)
  [4;36;1mSQL (0.7ms)[0m   [0;1mCREATE TABLE "articles" ("id" INTEGER PRIMARY KEY AUTOINCREMENT NOT NULL, "title" varchar(255), "content" text, "created_at" datetime, "updated_at" datetime) [0m
  [4;35;1mSQL (0.2ms)[0m   [0mINSERT INTO schema_migrations (version) VALUES ('20100301035132')[0m
Migrating to CreateComments (20100301035145)
  [4;36;1mSQL (0.4ms)[0m   [0;1mCREATE TABLE "comments" ("id" INTEGER PRIMARY KEY AUTOINCREMENT NOT NULL, "name" varchar(255), "email" varchar(255), "content" text, "created_at" datetime, "updated_at" datetime) [0m
  [4;35;1mSQL (0.1ms)[0m   [0mINSERT INTO schema_migrations (version) VALUES ('20100301035145')[0m
  [4;36;1mSQL (0.4ms)[0m   [0;1m SELECT name
 FROM sqlite_master
 WHERE type = 'table' AND NOT name = 'sqlite_sequence'
[0m
  [4;35;1mSQL (0.2ms)[0m   [0mSELECT version FROM schema_migrations[0m
  [4;36;1mSQL (0.2ms)[0m   [0;1m SELECT name
 FROM sqlite_master
 WHERE type = 'table' AND NOT name = 'sqlite_sequence'
[0m
  [4;35;1mSQL (0.0ms)[0m   [0mPRAGMA index_list("articles")[0m
  [4;36;1mSQL (0.1ms)[0m   [0;1mPRAGMA index_list("comments")[0m
  [4;35;1mSQL (0.0ms)[0m   [0mPRAGMA index_list("feeds")[0m
  [4;36;1mSQL (0.0ms)[0m   [0;1mPRAGMA index_list("sifters")[0m


Processing FeedsController#index (for 127.0.0.1 at 2010-02-28 22:57:05) [GET]
  [4;36;1mFeed Load (0.6ms)[0m   [0;1mSELECT * FROM "feeds" [0m
Rendering template within layouts/feeds
Rendering feeds/index
Completed in 98ms (View: 51, DB: 1) | 200 OK [http://localhost/feeds]


Processing FeedsController#new (for 127.0.0.1 at 2010-02-28 23:03:29) [GET]
Rendering template within layouts/feeds
Rendering feeds/new
Completed in 27ms (View: 13, DB: 0) | 200 OK [http://localhost/feeds/new]
  [4;36;1mSQL (0.5ms)[0m   [0;1m SELECT name
 FROM sqlite_master
 WHERE type = 'table' AND NOT name = 'sqlite_sequence'
[0m
  [4;35;1mSQL (0.2ms)[0m   [0mSELECT version FROM schema_migrations[0m
Migrating to CreateSifters (20100301035103)
Migrating to CreateFeeds (20100301035117)
Migrating to CreateArticles (20100301035132)
Migrating to CreateComments (20100301035145)
Migrating to ActsAsTaggableMigration (20100301041514)
  [4;36;1mSQL (0.1ms)[0m   [0;1mselect sqlite_version(*)[0m
  [4;35;1mSQL (0.5ms)[0m   [0mCREATE TABLE "tags" ("id" INTEGER PRIMARY KEY AUTOINCREMENT NOT NULL, "name" varchar(255)) [0m
  [4;36;1mSQL (0.1ms)[0m   [0;1mCREATE TABLE "taggings" ("id" INTEGER PRIMARY KEY AUTOINCREMENT NOT NULL, "tag_id" integer, "taggable_id" integer, "taggable_type" varchar(255), "created_at" datetime) [0m
  [4;35;1mSQL (0.1ms)[0m   [0mCREATE INDEX "index_taggings_on_tag_id" ON "taggings" ("tag_id")[0m
  [4;36;1mSQL (0.1ms)[0m   [0;1mCREATE INDEX "index_taggings_on_taggable_id_and_taggable_type" ON "taggings" ("taggable_id", "taggable_type")[0m
  [4;35;1mSQL (0.1ms)[0m   [0mINSERT INTO schema_migrations (version) VALUES ('20100301041514')[0m
  [4;36;1mSQL (0.7ms)[0m   [0;1m SELECT name
 FROM sqlite_master
 WHERE type = 'table' AND NOT name = 'sqlite_sequence'
[0m
  [4;35;1mSQL (0.4ms)[0m   [0mSELECT version FROM schema_migrations[0m
  [4;36;1mSQL (0.3ms)[0m   [0;1m SELECT name
 FROM sqlite_master
 WHERE type = 'table' AND NOT name = 'sqlite_sequence'
[0m
  [4;35;1mSQL (0.0ms)[0m   [0mPRAGMA index_list("articles")[0m
  [4;36;1mSQL (0.0ms)[0m   [0;1mPRAGMA index_list("comments")[0m
  [4;35;1mSQL (0.0ms)[0m   [0mPRAGMA index_list("feeds")[0m
  [4;36;1mSQL (0.0ms)[0m   [0;1mPRAGMA index_list("sifters")[0m
  [4;35;1mSQL (0.6ms)[0m   [0mPRAGMA index_list("taggings")[0m
  [4;36;1mSQL (0.1ms)[0m   [0;1mPRAGMA index_info('index_taggings_on_taggable_id_and_taggable_type')[0m
  [4;35;1mSQL (0.1ms)[0m   [0mPRAGMA index_info('index_taggings_on_tag_id')[0m
  [4;36;1mSQL (0.0ms)[0m   [0;1mPRAGMA index_list("tags")[0m


Processing FeedsController#index (for 127.0.0.1 at 2010-03-01 00:21:55) [GET]
  [4;36;1mFeed Load (0.6ms)[0m   [0;1mSELECT * FROM "feeds" [0m
Rendering template within layouts/feeds
Rendering feeds/index
Completed in 84ms (View: 36, DB: 1) | 200 OK [http://localhost/feeds]


Processing FeedsController#new (for 127.0.0.1 at 2010-03-01 00:21:58) [GET]
Rendering template within layouts/feeds
Rendering feeds/new
Completed in 100ms (View: 84, DB: 0) | 200 OK [http://localhost/feeds/new]


Processing FeedsController#index (for 127.0.0.1 at 2010-03-01 00:22:42) [GET]
  [4;35;1mFeed Load (0.5ms)[0m   [0mSELECT * FROM "feeds" [0m
Rendering template within layouts/feeds
Rendering feeds/index
Completed in 89ms (View: 7, DB: 1) | 200 OK [http://localhost/feeds]


Processing FeedsController#new (for 127.0.0.1 at 2010-03-01 00:22:44) [GET]
Rendering template within layouts/feeds
Rendering feeds/new
Completed in 24ms (View: 8, DB: 0) | 200 OK [http://localhost/feeds/new]


Processing FeedsController#create (for 127.0.0.1 at 2010-03-01 00:22:58) [POST]
  Parameters: {"commit"=>"Create", "authenticity_token"=>"CCe0Fx3L98XZIO6bSHcBWpBJ3shsErRVpLTbZqxtVbc=", "feed"=>{"name"=>"Zombie Fights Shark", "url"=>"http://zombiefightsshark.blogspot.com/feeds/posts/default", "tag_list"=>"Funny"}}
  [4;36;1mFeed Create (0.5ms)[0m   [0;1mINSERT INTO "feeds" ("name", "created_at", "updated_at", "url") VALUES('Zombie Fights Shark', '2010-03-01 05:22:58', '2010-03-01 05:22:58', 'http://zombiefightsshark.blogspot.com/feeds/posts/default')[0m
  [4;35;1mTag Load (0.3ms)[0m   [0mSELECT "tags".* FROM "tags" INNER JOIN "taggings" ON "tags".id = "taggings".tag_id WHERE (("taggings".taggable_id = 1) AND ("taggings".taggable_type = 'Feed')) [0m
  [4;36;1mTag Load (0.1ms)[0m   [0;1mSELECT * FROM "tags" WHERE (name LIKE 'Funny') LIMIT 1[0m
  [4;35;1mTag Exists (0.3ms)[0m   [0mSELECT "tags".id FROM "tags" WHERE ("tags"."name" = 'Funny') LIMIT 1[0m
  [4;36;1mTag Create (0.2ms)[0m   [0;1mINSERT INTO "tags" ("name") VALUES('Funny')[0m
  [4;35;1mTagging Create (0.3ms)[0m   [0mINSERT INTO "taggings" ("created_at", "tag_id", "taggable_id", "taggable_type") VALUES('2010-03-01 05:22:58', 1, 1, 'Feed')[0m
Redirected to http://localhost:3000/feeds/1
Completed in 50ms (DB: 2) | 302 Found [http://localhost/feeds]


Processing FeedsController#show (for 127.0.0.1 at 2010-03-01 00:22:58) [GET]
  Parameters: {"id"=>"1"}
  [4;36;1mFeed Load (0.4ms)[0m   [0;1mSELECT * FROM "feeds" WHERE ("feeds"."id" = 1) [0m
Rendering template within layouts/feeds
Rendering feeds/show
Completed in 28ms (View: 9, DB: 0) | 200 OK [http://localhost/feeds/1]


Processing FeedsController#index (for 127.0.0.1 at 2010-03-01 00:23:02) [GET]
  [4;35;1mFeed Load (0.8ms)[0m   [0mSELECT * FROM "feeds" [0m
Rendering template within layouts/feeds
Rendering feeds/index
  [4;36;1mTag Load (0.6ms)[0m   [0;1mSELECT "tags".* FROM "tags" INNER JOIN "taggings" ON "tags".id = "taggings".tag_id WHERE (("taggings".taggable_id = 1) AND ("taggings".taggable_type = 'Feed')) [0m
Completed in 94ms (View: 10, DB: 1) | 200 OK [http://localhost/feeds]


Processing FeedsController#index (for 127.0.0.1 at 2010-03-01 00:23:25) [GET]
  [4;35;1mFeed Load (0.8ms)[0m   [0mSELECT * FROM "feeds" [0m
Rendering template within layouts/feeds
Rendering feeds/index
  [4;36;1mTag Load (0.4ms)[0m   [0;1mSELECT "tags".* FROM "tags" INNER JOIN "taggings" ON "tags".id = "taggings".tag_id WHERE (("taggings".taggable_id = 1) AND ("taggings".taggable_type = 'Feed')) [0m
Completed in 30ms (View: 15, DB: 1) | 200 OK [http://localhost/feeds]


Processing FeedsController#show (for 127.0.0.1 at 2010-03-01 00:24:17) [GET]
  Parameters: {"id"=>"1"}
  [4;35;1mFeed Load (0.4ms)[0m   [0mSELECT * FROM "feeds" WHERE ("feeds"."id" = 1) [0m
Rendering template within layouts/feeds
Rendering feeds/show
  [4;36;1mTag Load (0.5ms)[0m   [0;1mSELECT "tags".* FROM "tags" INNER JOIN "taggings" ON "tags".id = "taggings".tag_id WHERE (("taggings".taggable_id = 1) AND ("taggings".taggable_type = 'Feed')) [0m
Completed in 30ms (View: 12, DB: 1) | 200 OK [http://localhost/feeds/1]


Processing FeedsController#index (for 127.0.0.1 at 2010-03-01 00:24:20) [GET]
  [4;35;1mFeed Load (0.8ms)[0m   [0mSELECT * FROM "feeds" [0m
Rendering template within layouts/feeds
Rendering feeds/index
  [4;36;1mTag Load (0.5ms)[0m   [0;1mSELECT "tags".* FROM "tags" INNER JOIN "taggings" ON "tags".id = "taggings".tag_id WHERE (("taggings".taggable_id = 1) AND ("taggings".taggable_type = 'Feed')) [0m
Completed in 25ms (View: 10, DB: 1) | 200 OK [http://localhost/feeds]


Processing FeedsController#edit (for 127.0.0.1 at 2010-03-01 00:24:58) [GET]
  Parameters: {"id"=>"1"}
  [4;35;1mFeed Load (0.5ms)[0m   [0mSELECT * FROM "feeds" WHERE ("feeds"."id" = 1) [0m
Rendering template within layouts/feeds
Rendering feeds/edit
  [4;36;1mTag Load (0.5ms)[0m   [0;1mSELECT "tags".* FROM "tags" INNER JOIN "taggings" ON "tags".id = "taggings".tag_id WHERE (("taggings".taggable_id = 1) AND ("taggings".taggable_type = 'Feed')) [0m
Completed in 101ms (View: 83, DB: 1) | 200 OK [http://localhost/feeds/1/edit]


Processing FeedsController#index (for 127.0.0.1 at 2010-03-01 00:25:01) [GET]
  [4;35;1mFeed Load (0.8ms)[0m   [0mSELECT * FROM "feeds" [0m
Rendering template within layouts/feeds
Rendering feeds/index
  [4;36;1mTag Load (0.5ms)[0m   [0;1mSELECT "tags".* FROM "tags" INNER JOIN "taggings" ON "tags".id = "taggings".tag_id WHERE (("taggings".taggable_id = 1) AND ("taggings".taggable_type = 'Feed')) [0m
Completed in 27ms (View: 10, DB: 1) | 200 OK [http://localhost/feeds]


Processing FeedsController#edit (for 127.0.0.1 at 2010-03-01 00:36:18) [GET]
  Parameters: {"id"=>"1"}
  [4;35;1mFeed Load (0.4ms)[0m   [0mSELECT * FROM "feeds" WHERE ("feeds"."id" = 1) [0m
Rendering template within layouts/feeds
Rendering feeds/edit
  [4;36;1mTag Load (0.5ms)[0m   [0;1mSELECT "tags".* FROM "tags" INNER JOIN "taggings" ON "tags".id = "taggings".tag_id WHERE (("taggings".taggable_id = 1) AND ("taggings".taggable_type = 'Feed')) [0m
Completed in 27ms (View: 11, DB: 1) | 200 OK [http://localhost/feeds/1/edit]


Processing FeedsController#update (for 127.0.0.1 at 2010-03-01 00:36:20) [PUT]
  Parameters: {"commit"=>"Update", "authenticity_token"=>"CCe0Fx3L98XZIO6bSHcBWpBJ3shsErRVpLTbZqxtVbc=", "id"=>"1", "feed"=>{"name"=>"Zombie Fights Shark", "url"=>"http://zombiefightsshark.blogspot.com/feeds/posts/default", "tag_list"=>""}}
  [4;35;1mFeed Load (0.4ms)[0m   [0mSELECT * FROM "feeds" WHERE ("feeds"."id" = 1) [0m
  [4;36;1mTag Load (0.4ms)[0m   [0;1mSELECT "tags".* FROM "tags" INNER JOIN "taggings" ON "tags".id = "taggings".tag_id WHERE (("taggings".taggable_id = 1) AND ("taggings".taggable_type = 'Feed')) [0m
  [4;35;1mTagging Load (0.5ms)[0m   [0mSELECT * FROM "taggings" WHERE ("taggings".taggable_id = 1 AND "taggings".taggable_type = 'Feed' AND (tag_id IN (1))) [0m
  [4;36;1mTag Load (0.3ms)[0m   [0;1mSELECT * FROM "tags" WHERE ("tags"."id" = 1) [0m
  [4;35;1mTagging Destroy (0.4ms)[0m   [0mDELETE FROM "taggings" WHERE "id" = 1[0m
Redirected to http://localhost:3000/feeds/1
Completed in 32ms (DB: 2) | 302 Found [http://localhost/feeds/1]


Processing FeedsController#show (for 127.0.0.1 at 2010-03-01 00:36:20) [GET]
  Parameters: {"id"=>"1"}
  [4;36;1mFeed Load (0.4ms)[0m   [0;1mSELECT * FROM "feeds" WHERE ("feeds"."id" = 1) [0m
Rendering template within layouts/feeds
Rendering feeds/show
  [4;35;1mTag Load (0.3ms)[0m   [0mSELECT "tags".* FROM "tags" INNER JOIN "taggings" ON "tags".id = "taggings".tag_id WHERE (("taggings".taggable_id = 1) AND ("taggings".taggable_type = 'Feed')) [0m
Completed in 24ms (View: 7, DB: 1) | 200 OK [http://localhost/feeds/1]


Processing FeedsController#index (for 127.0.0.1 at 2010-03-01 00:36:23) [GET]
  [4;36;1mFeed Load (0.8ms)[0m   [0;1mSELECT * FROM "feeds" [0m
Rendering template within layouts/feeds
Rendering feeds/index
  [4;35;1mTag Load (0.3ms)[0m   [0mSELECT "tags".* FROM "tags" INNER JOIN "taggings" ON "tags".id = "taggings".tag_id WHERE (("taggings".taggable_id = 1) AND ("taggings".taggable_type = 'Feed')) [0m
Completed in 27ms (View: 11, DB: 1) | 200 OK [http://localhost/feeds]


Processing FeedsController#show (for 127.0.0.1 at 2010-03-01 00:36:26) [GET]
  Parameters: {"id"=>"1"}
  [4;36;1mFeed Load (0.5ms)[0m   [0;1mSELECT * FROM "feeds" WHERE ("feeds"."id" = 1) [0m
Rendering template within layouts/feeds
Rendering feeds/show
  [4;35;1mTag Load (0.3ms)[0m   [0mSELECT "tags".* FROM "tags" INNER JOIN "taggings" ON "tags".id = "taggings".tag_id WHERE (("taggings".taggable_id = 1) AND ("taggings".taggable_type = 'Feed')) [0m
Completed in 24ms (View: 7, DB: 1) | 200 OK [http://localhost/feeds/1]


Processing FeedsController#index (for 127.0.0.1 at 2010-03-01 00:36:27) [GET]
  [4;36;1mFeed Load (0.8ms)[0m   [0;1mSELECT * FROM "feeds" [0m
Rendering template within layouts/feeds
Rendering feeds/index
  [4;35;1mTag Load (0.3ms)[0m   [0mSELECT "tags".* FROM "tags" INNER JOIN "taggings" ON "tags".id = "taggings".tag_id WHERE (("taggings".taggable_id = 1) AND ("taggings".taggable_type = 'Feed')) [0m
Completed in 25ms (View: 10, DB: 1) | 200 OK [http://localhost/feeds]


Processing FeedsController#show (for 127.0.0.1 at 2010-03-01 01:02:59) [GET]
  Parameters: {"id"=>"1"}
  [4;36;1mFeed Load (0.4ms)[0m   [0;1mSELECT * FROM "feeds" WHERE ("feeds"."id" = 1) [0m
Rendering template within layouts/feeds
Rendering feeds/show
  [4;35;1mTag Load (0.3ms)[0m   [0mSELECT "tags".* FROM "tags" INNER JOIN "taggings" ON "tags".id = "taggings".tag_id WHERE (("taggings".taggable_id = 1) AND ("taggings".taggable_type = 'Feed')) [0m
Completed in 28ms (View: 6, DB: 1) | 200 OK [http://localhost/feeds/1]


Processing FeedsController#index (for 127.0.0.1 at 2010-03-01 01:03:01) [GET]
  [4;36;1mFeed Load (0.8ms)[0m   [0;1mSELECT * FROM "feeds" [0m
Rendering template within layouts/feeds
Rendering feeds/index
  [4;35;1mTag Load (0.3ms)[0m   [0mSELECT "tags".* FROM "tags" INNER JOIN "taggings" ON "tags".id = "taggings".tag_id WHERE (("taggings".taggable_id = 1) AND ("taggings".taggable_type = 'Feed')) [0m
Completed in 92ms (View: 10, DB: 1) | 200 OK [http://localhost/feeds]


Processing FeedsController#edit (for 127.0.0.1 at 2010-03-01 01:03:02) [GET]
  Parameters: {"id"=>"1"}
  [4;36;1mFeed Load (0.4ms)[0m   [0;1mSELECT * FROM "feeds" WHERE ("feeds"."id" = 1) [0m
Rendering template within layouts/feeds
Rendering feeds/edit
  [4;35;1mTag Load (0.3ms)[0m   [0mSELECT "tags".* FROM "tags" INNER JOIN "taggings" ON "tags".id = "taggings".tag_id WHERE (("taggings".taggable_id = 1) AND ("taggings".taggable_type = 'Feed')) [0m
Completed in 27ms (View: 11, DB: 1) | 200 OK [http://localhost/feeds/1/edit]


Processing FeedsController#update (for 127.0.0.1 at 2010-03-01 01:03:17) [PUT]
  Parameters: {"commit"=>"Update", "authenticity_token"=>"CCe0Fx3L98XZIO6bSHcBWpBJ3shsErRVpLTbZqxtVbc=", "id"=>"1", "feed"=>{"name"=>"Zombie Fights Shark", "url"=>"http://zombiefightsshark.blogspot.com/feeds/posts/default", "tag_list"=>"Blah,TagWhat,What"}}
  [4;36;1mFeed Load (0.4ms)[0m   [0;1mSELECT * FROM "feeds" WHERE ("feeds"."id" = 1) [0m
  [4;35;1mTag Load (0.3ms)[0m   [0mSELECT "tags".* FROM "tags" INNER JOIN "taggings" ON "tags".id = "taggings".tag_id WHERE (("taggings".taggable_id = 1) AND ("taggings".taggable_type = 'Feed')) [0m
  [4;36;1mTag Load (0.1ms)[0m   [0;1mSELECT * FROM "tags" WHERE (name LIKE 'Blah') LIMIT 1[0m
  [4;35;1mTag Exists (0.2ms)[0m   [0mSELECT "tags".id FROM "tags" WHERE ("tags"."name" = 'Blah') LIMIT 1[0m
  [4;36;1mTag Create (0.4ms)[0m   [0;1mINSERT INTO "tags" ("name") VALUES('Blah')[0m
  [4;35;1mTagging Create (0.3ms)[0m   [0mINSERT INTO "taggings" ("created_at", "tag_id", "taggable_id", "taggable_type") VALUES('2010-03-01 06:03:17', 2, 1, 'Feed')[0m
  [4;36;1mTag Load (0.1ms)[0m   [0;1mSELECT * FROM "tags" WHERE (name LIKE 'TagWhat') LIMIT 1[0m
  [4;35;1mTag Exists (0.2ms)[0m   [0mSELECT "tags".id FROM "tags" WHERE ("tags"."name" = 'TagWhat') LIMIT 1[0m
  [4;36;1mTag Create (0.1ms)[0m   [0;1mINSERT INTO "tags" ("name") VALUES('TagWhat')[0m
  [4;35;1mTagging Create (0.2ms)[0m   [0mINSERT INTO "taggings" ("created_at", "tag_id", "taggable_id", "taggable_type") VALUES('2010-03-01 06:03:17', 3, 1, 'Feed')[0m
  [4;36;1mTag Load (0.1ms)[0m   [0;1mSELECT * FROM "tags" WHERE (name LIKE 'What') LIMIT 1[0m
  [4;35;1mTag Exists (0.1ms)[0m   [0mSELECT "tags".id FROM "tags" WHERE ("tags"."name" = 'What') LIMIT 1[0m
  [4;36;1mTag Create (0.1ms)[0m   [0;1mINSERT INTO "tags" ("name") VALUES('What')[0m
  [4;35;1mTagging Create (0.2ms)[0m   [0mINSERT INTO "taggings" ("created_at", "tag_id", "taggable_id", "taggable_type") VALUES('2010-03-01 06:03:17', 4, 1, 'Feed')[0m
Redirected to http://localhost:3000/feeds/1
Completed in 53ms (DB: 3) | 302 Found [http://localhost/feeds/1]


Processing FeedsController#show (for 127.0.0.1 at 2010-03-01 01:03:17) [GET]
  Parameters: {"id"=>"1"}
  [4;36;1mFeed Load (0.4ms)[0m   [0;1mSELECT * FROM "feeds" WHERE ("feeds"."id" = 1) [0m
Rendering template within layouts/feeds
Rendering feeds/show
  [4;35;1mTag Load (0.7ms)[0m   [0mSELECT "tags".* FROM "tags" INNER JOIN "taggings" ON "tags".id = "taggings".tag_id WHERE (("taggings".taggable_id = 1) AND ("taggings".taggable_type = 'Feed')) [0m
Completed in 25ms (View: 7, DB: 1) | 200 OK [http://localhost/feeds/1]


Processing FeedsController#index (for 127.0.0.1 at 2010-03-01 01:03:19) [GET]
  [4;36;1mFeed Load (0.8ms)[0m   [0;1mSELECT * FROM "feeds" [0m
Rendering template within layouts/feeds
Rendering feeds/index
  [4;35;1mTag Load (0.7ms)[0m   [0mSELECT "tags".* FROM "tags" INNER JOIN "taggings" ON "tags".id = "taggings".tag_id WHERE (("taggings".taggable_id = 1) AND ("taggings".taggable_type = 'Feed')) [0m
Completed in 26ms (View: 10, DB: 1) | 200 OK [http://localhost/feeds]
